<?xml version="1.0" encoding="UTF-8"?>
<!-- Generated by org.testng.reporters.JUnitXMLReporter -->
<testsuite hostname="Butterfly" ignored="0" name="Test" tests="6" failures="0" timestamp="01 Aug 2020 18:25:33 GMT" time="0.068" errors="0">
  <testcase name="test1" time="0.006" classname="com.practice.java.TestngAnnotations"/>
  <testcase name="test3" time="0.002" classname="com.practice.java.TestngAnnotations"/>
  <testcase name="test1" time="0.002" classname="com.practice.java.CopyOfTestngAnnotations"/>
  <testcase name="test3" time="0.005" classname="com.practice.java.CopyOfTestngAnnotations"/>
  <testcase name="atest2" time="0.002" classname="com.practice.java.TestngAnnotations"/>
  <testcase name="atest2" time="0.001" classname="com.practice.java.CopyOfTestngAnnotations"/>
</testsuite> <!-- Test -->
