<?xml version="1.0" encoding="UTF-8"?>
<testng-results skipped="0" failed="0" ignored="0" total="3" passed="3">
  <reporter-output>
  </reporter-output>
  <suite name="Default suite" duration-ms="58" started-at="2020-08-03T14:29:48Z" finished-at="2020-08-03T14:29:48Z">
    <groups>
    </groups>
    <test name="Default test" duration-ms="58" started-at="2020-08-03T14:29:48Z" finished-at="2020-08-03T14:29:48Z">
      <class name="com.practice.java.TestngPriority">
        <test-method status="PASS" signature="fillForm()[pri:-1, instance:com.practice.java.TestngPriority@d992b2]" name="fillForm" duration-ms="12" started-at="2020-08-03T14:29:48Z" finished-at="2020-08-03T14:29:48Z">
          <reporter-output>
          </reporter-output>
        </test-method> <!-- fillForm -->
        <test-method status="PASS" signature="openBrowser()[pri:-1, instance:com.practice.java.TestngPriority@d992b2]" name="openBrowser" duration-ms="2" started-at="2020-08-03T14:29:48Z" finished-at="2020-08-03T14:29:48Z">
          <reporter-output>
          </reporter-output>
        </test-method> <!-- openBrowser -->
        <test-method status="PASS" signature="CloseBrowser()[pri:2, instance:com.practice.java.TestngPriority@d992b2]" name="CloseBrowser" duration-ms="1" started-at="2020-08-03T14:29:48Z" finished-at="2020-08-03T14:29:48Z">
          <reporter-output>
          </reporter-output>
        </test-method> <!-- CloseBrowser -->
      </class> <!-- com.practice.java.TestngPriority -->
    </test> <!-- Default test -->
  </suite> <!-- Default suite -->
</testng-results>
